<?xml version="1.0" encoding="UTF-8"?>
<!-- Generated by org.testng.reporters.JUnitReportReporter -->
<testsuite hostname="diwahars-MacBook-Pro.local" failures="0" tests="2" name="test.day1" time="0.005" errors="0" timestamp="2025-05-22T13:08:44 IST" skipped="0">
  <testcase classname="test.day1" name="demo1" time="0.001"/>
  <testcase classname="test.day1" name="demo" time="0.004"/>
</testsuite> <!-- test.day1 -->
