<?xml version="1.0" encoding="UTF-8"?>
<!-- Generated by org.testng.reporters.JUnitReportReporter -->
<testsuite hostname="diwahars-MacBook-Pro.local" failures="0" tests="1" name="test.ExtendReports.ExtendRepostBasic" time="3.312" errors="0" timestamp="2025-06-06T19:38:27 IST" skipped="0">
  <testcase classname="test.ExtendReports.ExtendRepostBasic" name="justtitle" time="3.312"/>
</testsuite> <!-- test.ExtendReports.ExtendRepostBasic -->
