<?xml version="1.0" encoding="UTF-8"?>
<!-- Generated by org.testng.reporters.JUnitReportReporter -->
<testsuite hostname="diwahars-MacBook-Pro.local" failures="0" tests="3" name="test.SubmitOrder" time="33.154" errors="0" timestamp="2025-06-11T11:21:46 IST" skipped="0">
  <testcase classname="test.SubmitOrder" name="submitorder" time="10.674"/>
  <testcase classname="test.SubmitOrder" name="productsunderorder" time="9.757"/>
  <testcase classname="test.SubmitOrder" name="submitorder" time="12.723"/>
</testsuite> <!-- test.SubmitOrder -->
