<?xml version="1.0" encoding="UTF-8"?>
<!-- Generated by org.testng.reporters.JUnitReportReporter -->
<testsuite hostname="diwahars-MacBook-Pro.local" failures="0" tests="1" name="test.ExtentReports.ExtentReportBasic" time="3.935" errors="0" timestamp="2025-06-07T12:50:27 IST" skipped="0">
  <testcase classname="test.ExtentReports.ExtentReportBasic" name="justtitle" time="3.935"/>
</testsuite> <!-- test.ExtentReports.ExtentReportBasic -->
