<?xml version="1.0" encoding="UTF-8"?>
<!-- Generated by org.testng.reporters.JUnitReportReporter -->
<testsuite hostname="diwahars-MacBook-Pro.local" failures="0" tests="1" name="test.cucumber.setdefinition.testrunner" time="8.732" errors="0" timestamp="2025-06-15T16:56:31 IST" skipped="0">
  <testcase classname="test.cucumber.setdefinition.testrunner" name="runScenario" time="8.732"/>
</testsuite> <!-- test.cucumber.setdefinition.testrunner -->
