<?xml version="1.0" encoding="UTF-8"?>
<!-- Generated by org.testng.reporters.JUnitReportReporter -->
<testsuite hostname="diwahars-MacBook-Pro.local" failures="0" tests="2" name="test.errorvalidation" time="29.386" errors="0" timestamp="2025-06-15T19:17:19 IST" skipped="0">
  <testcase classname="test.errorvalidation" name="productlistvalidation" time="15.468"/>
  <testcase classname="test.errorvalidation" name="loginerrorvalidation" time="13.918"/>
</testsuite> <!-- test.errorvalidation -->
